SF:lib/features/historical_price/data/datasources/historical_price_data_source.dart
DA:14,1
DA:16,1
DA:20,1
DA:21,3
DA:22,2
DA:23,3
DA:25,1
LF:7
LH:7
end_of_record
SF:lib/features/historical_price/data/models/historical_response_model.dart
DA:5,3
DA:7,2
DA:8,2
DA:9,2
DA:10,2
DA:11,8
DA:14,2
DA:15,1
DA:16,5
LF:9
LH:9
end_of_record
SF:lib/features/historical_price/domain/entities/historical.dart
DA:4,5
DA:34,4
DA:35,4
DA:36,4
DA:37,4
DA:38,4
DA:39,4
DA:40,4
DA:41,2
DA:42,2
DA:43,4
DA:44,4
DA:45,4
DA:46,2
DA:47,4
DA:50,2
DA:51,13
DA:52,1
DA:53,1
DA:54,1
DA:55,1
DA:56,1
DA:57,1
DA:58,1
DA:59,1
DA:60,1
DA:61,1
DA:62,1
DA:63,1
DA:66,2
DA:67,2
DA:68,2
DA:69,2
DA:70,2
DA:71,2
DA:72,2
DA:73,2
DA:74,2
DA:75,2
DA:76,2
DA:77,2
DA:78,2
DA:79,2
DA:80,2
LF:44
LH:44
end_of_record
SF:lib/features/historical_price/domain/entities/historical_response.dart
DA:5,5
DA:10,2
DA:11,6
LF:3
LH:3
end_of_record
SF:lib/core/errors/failure.dart
DA:4,1
DA:5,1
LF:2
LH:2
end_of_record
SF:lib/features/historical_price/data/repositories/historical_price_repository_impl.dart
DA:12,1
DA:14,1
DA:17,2
DA:18,1
DA:19,1
DA:20,2
LF:6
LH:6
end_of_record
SF:lib/features/historical_price/domain/usecases/get_historical_price.dart
DA:9,1
DA:11,1
DA:12,2
LF:3
LH:3
end_of_record
SF:lib/features/historical_price/presentation/bloc/historical_price_bloc.dart
DA:11,3
DA:12,2
DA:15,1
DA:17,2
DA:18,2
DA:19,4
DA:20,2
LF:7
LH:7
end_of_record
SF:lib/features/historical_price/presentation/bloc/historical_price_event.dart
DA:6,0
DA:7,0
LF:2
LH:0
end_of_record
SF:lib/features/historical_price/presentation/bloc/historical_price_state.dart
DA:7,1
DA:8,1
DA:12,1
DA:13,1
DA:19,1
DA:21,1
DA:22,2
DA:28,1
DA:30,1
DA:31,2
LF:10
LH:10
end_of_record
